<?xml version="1.0" encoding="UTF-8"?>
<testsuite name="com.wsd.saramin.SaraminApplicationTests" tests="1" skipped="0" failures="0" errors="0" timestamp="2024-12-15T06:32:02" hostname="SLYHYUN" time="0.588">
  <properties/>
  <testcase name="contextLoads()" classname="com.wsd.saramin.SaraminApplicationTests" time="0.588"/>
  <system-out><![CDATA[15:31:54.946 [Test worker] INFO org.springframework.test.context.support.AnnotationConfigContextLoaderUtils -- Could not detect default configuration classes for test class [com.wsd.saramin.SaraminApplicationTests]: SaraminApplicationTests does not declare any static, non-private, non-final, nested classes annotated with @Configuration.
15:31:55.104 [Test worker] INFO org.springframework.boot.test.context.SpringBootTestContextBootstrapper -- Found @SpringBootConfiguration com.wsd.saramin.SaraminApplication for test class com.wsd.saramin.SaraminApplicationTests

  .   ____          _            __ _ _
 /\\ / ___'_ __ _ _(_)_ __  __ _ \ \ \ \
( ( )\___ | '_ | '_| | '_ \/ _` | \ \ \ \
 \\/  ___)| |_)| | | | | || (_| |  ) ) ) )
  '  |____| .__|_| |_|_| |_\__, | / / / /
 =========|_|==============|___/=/_/_/_/

 :: Spring Boot ::                (v3.4.0)

2024-12-15T15:31:55.592+09:00  INFO 26584 --- [saramin] [    Test worker] c.wsd.saramin.SaraminApplicationTests    : Starting SaraminApplicationTests using Java 21.0.3 with PID 26584 (started by slyhy in C:\GIT\saramin\saramin)
2024-12-15T15:31:55.593+09:00  INFO 26584 --- [saramin] [    Test worker] c.wsd.saramin.SaraminApplicationTests    : No active profile set, falling back to 1 default profile: "default"
2024-12-15T15:31:56.594+09:00  INFO 26584 --- [saramin] [    Test worker] .s.d.r.c.RepositoryConfigurationDelegate : Bootstrapping Spring Data JPA repositories in DEFAULT mode.
2024-12-15T15:31:56.718+09:00  INFO 26584 --- [saramin] [    Test worker] .s.d.r.c.RepositoryConfigurationDelegate : Finished Spring Data repository scanning in 109 ms. Found 8 JPA repository interfaces.
2024-12-15T15:31:57.369+09:00  INFO 26584 --- [saramin] [    Test worker] o.hibernate.jpa.internal.util.LogHelper  : HHH000204: Processing PersistenceUnitInfo [name: default]
2024-12-15T15:31:57.449+09:00  INFO 26584 --- [saramin] [    Test worker] org.hibernate.Version                    : HHH000412: Hibernate ORM core version 6.6.2.Final
2024-12-15T15:31:57.495+09:00  INFO 26584 --- [saramin] [    Test worker] o.h.c.internal.RegionFactoryInitiator    : HHH000026: Second-level cache disabled
2024-12-15T15:31:57.846+09:00  INFO 26584 --- [saramin] [    Test worker] o.s.o.j.p.SpringPersistenceUnitInfo      : No LoadTimeWeaver setup: ignoring JPA class transformer
2024-12-15T15:31:57.877+09:00  INFO 26584 --- [saramin] [    Test worker] com.zaxxer.hikari.HikariDataSource       : HikariPool-1 - Starting...
2024-12-15T15:31:58.359+09:00  INFO 26584 --- [saramin] [    Test worker] com.zaxxer.hikari.pool.HikariPool        : HikariPool-1 - Added connection com.mysql.cj.jdbc.ConnectionImpl@2ca132ad
2024-12-15T15:31:58.361+09:00  INFO 26584 --- [saramin] [    Test worker] com.zaxxer.hikari.HikariDataSource       : HikariPool-1 - Start completed.
2024-12-15T15:31:58.443+09:00  INFO 26584 --- [saramin] [    Test worker] org.hibernate.orm.connections.pooling    : HHH10001005: Database info:
	Database JDBC URL [Connecting through datasource 'HikariDataSource (HikariPool-1)']
	Database driver: undefined/unknown
	Database version: 8.0.37
	Autocommit mode: undefined/unknown
	Isolation level: undefined/unknown
	Minimum pool size: undefined/unknown
	Maximum pool size: undefined/unknown
2024-12-15T15:31:59.959+09:00  INFO 26584 --- [saramin] [    Test worker] o.h.e.t.j.p.i.JtaPlatformInitiator       : HHH000489: No JTA platform available (set 'hibernate.transaction.jta.platform' to enable JTA platform integration)
2024-12-15T15:32:00.102+09:00  INFO 26584 --- [saramin] [    Test worker] j.LocalContainerEntityManagerFactoryBean : Initialized JPA EntityManagerFactory for persistence unit 'default'
2024-12-15T15:32:00.567+09:00  INFO 26584 --- [saramin] [    Test worker] o.s.d.j.r.query.QueryEnhancerFactory     : Hibernate is in classpath; If applicable, HQL parser will be used.
2024-12-15T15:32:01.375+09:00  WARN 26584 --- [saramin] [    Test worker] JpaBaseConfiguration$JpaWebConfiguration : spring.jpa.open-in-view is enabled by default. Therefore, database queries may be performed during view rendering. Explicitly configure spring.jpa.open-in-view to disable this warning
2024-12-15T15:32:01.441+09:00  WARN 26584 --- [saramin] [    Test worker] .s.s.UserDetailsServiceAutoConfiguration : 

Using generated security password: 8d52a623-8326-4d40-b107-cf8c5082617f

This generated password is for development use only. Your security configuration must be updated before running your application in production.

2024-12-15T15:32:01.513+09:00  INFO 26584 --- [saramin] [    Test worker] r$InitializeUserDetailsManagerConfigurer : Global AuthenticationManager configured with UserDetailsService bean with name inMemoryUserDetailsManager
2024-12-15T15:32:02.509+09:00  INFO 26584 --- [saramin] [    Test worker] c.wsd.saramin.SaraminApplicationTests    : Started SaraminApplicationTests in 7.219 seconds (process running for 8.595)
]]></system-out>
  <system-err><![CDATA[Mockito is currently self-attaching to enable the inline-mock-maker. This will no longer work in future releases of the JDK. Please add Mockito as an agent to your build what is described in Mockito's documentation: https://javadoc.io/doc/org.mockito/mockito-core/latest/org/mockito/Mockito.html#0.3
WARNING: A Java agent has been loaded dynamically (C:\Users\slyhy\.gradle\caches\modules-2\files-2.1\net.bytebuddy\byte-buddy-agent\1.15.10\e8eb255b2c378b9a6c7341e7b0e12f0a5636377\byte-buddy-agent-1.15.10.jar)
WARNING: If a serviceability tool is in use, please run with -XX:+EnableDynamicAgentLoading to hide this warning
WARNING: If a serviceability tool is not in use, please run with -Djdk.instrument.traceUsage for more information
WARNING: Dynamic loading of agents will be disallowed by default in a future release
]]></system-err>
</testsuite>
